Start testing: Apr 04 23:54 India Standard Time
----------------------------------------------------------
1/1 Testing: ExampleTests
1/1 Test: ExampleTests
Command: "E:/myStudies/myCodingGround/Github_Official_Projects/Cpp_Concepts_Practice/GoogleTest_Example/build/test/ExampleTests.exe"
Directory: E:/myStudies/myCodingGround/Github_Official_Projects/Cpp_Concepts_Practice/GoogleTest_Example/build/test
"ExampleTests" start time: Apr 04 23:54 India Standard Time
Output:
----------------------------------------------------------
Running main() from E:/myStudies/myCodingGround/Github_Official_Projects/Cpp_Concepts_Practice/GoogleTest_Example/googletest/googletest/src/gtest_main.cc
[==========] Running 1 test from 1 test suite.
[----------] Global test environment set-up.
[----------] 1 test from ExampleTests
[ RUN      ] ExampleTests.Square
[       OK ] ExampleTests.Square (0 ms)
[----------] 1 test from ExampleTests (0 ms total)

[----------] Global test environment tear-down
[==========] 1 test from 1 test suite ran. (1 ms total)
[  PASSED  ] 1 test.
<end of output>
Test time =   1.10 sec
----------------------------------------------------------
Test Passed.
"ExampleTests" end time: Apr 04 23:54 India Standard Time
"ExampleTests" time elapsed: 00:00:01
----------------------------------------------------------

End testing: Apr 04 23:54 India Standard Time
